commit eb5365eec34a1845fb4509e5f928216c495bd126
Author: David Ko <davidko@cs.utexas.edu>
Date:   Thu Jul 2 15:59:11 2015 -0500

    fiinshed up readme

commit 44013fb8be8eb92ebca3f2a5aa9caeb125b78ddc
Author: Andres Correa <andresc@cs.utexas.edu>
Date:   Thu Jul 2 15:41:01 2015 -0500

    128 functional

commit 198f650d5bb1765a32a43b8bd34dcd153ad1b6f5
Author: Andres Correa <andresc@cs.utexas.edu>
Date:   Thu Jul 2 15:10:20 2015 -0500

    everything but mix columns

commit a90fd8f5a90861d1d2ea16202e187c3793aa550d
Author: David Ko <davidko@cs.utexas.edu>
Date:   Thu Jul 2 13:42:06 2015 -0500

    thursday push

commit d7b79129c4378b17934e348636197ecb1a4b6acb
Author: David Ko <davidko@cs.utexas.edu>
Date:   Thu Jul 2 12:36:26 2015 -0500

    added

commit 4ffbd1f310d200db5f438a7ed43ffab0a466d225
Author: Andres Correa <andresc@cs.utexas.edu>
Date:   Thu Jul 2 11:24:35 2015 -0500

    upper case

commit 3f4cfbec6244f6c883fde258cf2110e986681af6
Author: unknown <narvaezcamilo@hotmail.com>
Date:   Thu Jul 2 01:36:41 2015 -0500

    roundKey kind of works

commit ddde35bfa19668c124a3f844f86d6e071e12bb9a
Author: David Ko <davidko@cs.utexas.edu>
Date:   Wed Jul 1 18:55:38 2015 -0500

    up to subBytes

commit b7261e87d43e257cb37bccd06fede9450aa46148
Author: David Ko <davidko@cs.utexas.edu>
Date:   Wed Jul 1 18:31:46 2015 -0500

    slafdsla
